# JRE version: Java(TM) SE Runtime Environment (11.0.2+9) (build 11.0.2+9-LTS)
# Java VM: Java HotSpot(TM) 64-Bit Server VM (11.0.2+9-LTS, mixed mode, tiered, compressed oops, g1 gc, windows-amd64)
Heap:
 garbage-first heap   total 81920K, used 23411K [0x00000000a6800000, 0x0000000100000000)
  region size 1024K, 1 young (1024K), 0 survivors (0K)
 Metaspace       used 64213K, capacity 66655K, committed 66936K, reserved 1107968K
  class space    used 7593K, capacity 8506K, committed 8576K, reserved 1048576K
GC Heap History (10 events):
Event: 3487.265 GC heap before
{Heap before GC invocations=87 (full 13):
 garbage-first heap   total 81920K, used 28732K [0x00000000a6800000, 0x0000000100000000)
  region size 1024K, 7 young (7168K), 4 survivors (4096K)
 Metaspace       used 64170K, capacity 66658K, committed 66936K, reserved 1107968K
  class space    used 7593K, capacity 8508K, committed 8576K, reserved 1048576K
}
Event: 3487.374 GC heap after
{Heap after GC invocations=88 (full 14):
 garbage-first heap   total 81920K, used 23582K [0x00000000a6800000, 0x0000000100000000)
  region size 1024K, 0 young (0K), 0 survivors (0K)
 Metaspace       used 64053K, capacity 66468K, committed 66936K, reserved 1107968K
  class space    used 7580K, capacity 8466K, committed 8576K, reserved 1048576K
}
Event: 3488.450 GC heap before
{Heap before GC invocations=88 (full 14):
 garbage-first heap   total 81920K, used 64542K [0x00000000a6800000, 0x0000000100000000)
  region size 1024K, 41 young (41984K), 0 survivors (0K)
 Metaspace       used 64109K, capacity 66555K, committed 66936K, reserved 1107968K
  class space    used 7585K, capacity 8472K, committed 8576K, reserved 1048576K
}
Event: 3488.455 GC heap after
{Heap after GC invocations=89 (full 14):
 garbage-first heap   total 81920K, used 26654K [0x00000000a6800000, 0x0000000100000000)
  region size 1024K, 3 young (3072K), 3 survivors (3072K)
 Metaspace       used 64109K, capacity 66555K, committed 66936K, reserved 1107968K
  class space    used 7585K, capacity 8472K, committed 8576K, reserved 1048576K
}
Event: 3488.748 GC heap before
{Heap before GC invocations=89 (full 14):
 garbage-first heap   total 81920K, used 64542K [0x00000000a6800000, 0x0000000100000000)
  region size 1024K, 41 young (41984K), 3 survivors (3072K)
 Metaspace       used 64123K, capacity 66557K, committed 66936K, reserved 1107968K
  class space    used 7585K, capacity 8472K, committed 8576K, reserved 1048576K
}
Event: 3488.753 GC heap after
{Heap after GC invocations=90 (full 14):
 garbage-first heap   total 81920K, used 26935K [0x00000000a6800000, 0x0000000100000000)
  region size 1024K, 4 young (4096K), 4 survivors (4096K)
 Metaspace       used 64123K, capacity 66557K, committed 66936K, reserved 1107968K
  class space    used 7585K, capacity 8472K, committed 8576K, reserved 1048576K
}
Event: 3527.982 GC heap before
{Heap before GC invocations=90 (full 14):
 garbage-first heap   total 81920K, used 65847K [0x00000000a6800000, 0x0000000100000000)
  region size 1024K, 42 young (43008K), 4 survivors (4096K)
 Metaspace       used 64211K, capacity 66655K, committed 66936K, reserved 1107968K
  class space    used 7593K, capacity 8506K, committed 8576K, reserved 1048576K
}
Event: 3527.988 GC heap after
{Heap after GC invocations=91 (full 14):
 garbage-first heap   total 81920K, used 27250K [0x00000000a6800000, 0x0000000100000000)
  region size 1024K, 4 young (4096K), 4 survivors (4096K)
 Metaspace       used 64211K, capacity 66655K, committed 66936K, reserved 1107968K
  class space    used 7593K, capacity 8506K, committed 8576K, reserved 1048576K
}
Event: 3552.533 GC heap before
{Heap before GC invocations=91 (full 14):
 garbage-first heap   total 81920K, used 40562K [0x00000000a6800000, 0x0000000100000000)
  region size 1024K, 18 young (18432K), 4 survivors (4096K)
 Metaspace       used 64216K, capacity 66661K, committed 66936K, reserved 1107968K
  class space    used 7593K, capacity 8508K, committed 8576K, reserved 1048576K
}
Event: 3552.639 GC heap after
{Heap after GC invocations=92 (full 15):
 garbage-first heap   total 81920K, used 23411K [0x00000000a6800000, 0x0000000100000000)
  region size 1024K, 0 young (0K), 0 survivors (0K)
 Metaspace       used 64213K, capacity 66655K, committed 66936K, reserved 1107968K
  class space    used 7593K, capacity 8506K, committed 8576K, reserved 1048576K
}

