# JRE version: Java(TM) SE Runtime Environment (11.0.2+9) (build 11.0.2+9-LTS)
# Java VM: Java HotSpot(TM) 64-Bit Server VM (11.0.2+9-LTS, mixed mode, tiered, compressed oops, g1 gc, windows-amd64)
Heap:
 garbage-first heap   total 81920K, used 23196K [0x00000000a6800000, 0x0000000100000000)
  region size 1024K, 1 young (1024K), 0 survivors (0K)
 Metaspace       used 59551K, capacity 61154K, committed 61432K, reserved 1103872K
  class space    used 7244K, capacity 7883K, committed 7936K, reserved 1048576K
GC Heap History (10 events):
Event: 174.653 GC heap before
{Heap before GC invocations=21 (full 2):
 garbage-first heap   total 81920K, used 52597K [0x00000000a6800000, 0x0000000100000000)
  region size 1024K, 30 young (30720K), 3 survivors (3072K)
 Metaspace       used 59011K, capacity 60499K, committed 60536K, reserved 1101824K
  class space    used 7201K, capacity 7787K, committed 7808K, reserved 1048576K
}
Event: 174.754 GC heap after
{Heap after GC invocations=22 (full 3):
 garbage-first heap   total 81920K, used 23058K [0x00000000a6800000, 0x0000000100000000)
  region size 1024K, 0 young (0K), 0 survivors (0K)
 Metaspace       used 59008K, capacity 60493K, committed 60536K, reserved 1101824K
  class space    used 7200K, capacity 7785K, committed 7808K, reserved 1048576K
}
Event: 175.825 GC heap before
{Heap before GC invocations=22 (full 3):
 garbage-first heap   total 81920K, used 62994K [0x00000000a6800000, 0x0000000100000000)
  region size 1024K, 39 young (39936K), 0 survivors (0K)
 Metaspace       used 59192K, capacity 60661K, committed 60792K, reserved 1101824K
  class space    used 7208K, capacity 7795K, committed 7808K, reserved 1048576K
}
Event: 175.830 GC heap after
{Heap after GC invocations=23 (full 3):
 garbage-first heap   total 81920K, used 25765K [0x00000000a6800000, 0x0000000100000000)
  region size 1024K, 3 young (3072K), 3 survivors (3072K)
 Metaspace       used 59192K, capacity 60661K, committed 60792K, reserved 1101824K
  class space    used 7208K, capacity 7795K, committed 7808K, reserved 1048576K
}
Event: 176.026 GC heap before
{Heap before GC invocations=23 (full 3):
 garbage-first heap   total 81920K, used 62629K [0x00000000a6800000, 0x0000000100000000)
  region size 1024K, 40 young (40960K), 3 survivors (3072K)
 Metaspace       used 59212K, capacity 60725K, committed 60792K, reserved 1101824K
  class space    used 7208K, capacity 7795K, committed 7808K, reserved 1048576K
}
Event: 176.031 GC heap after
{Heap after GC invocations=24 (full 3):
 garbage-first heap   total 81920K, used 25982K [0x00000000a6800000, 0x0000000100000000)
  region size 1024K, 3 young (3072K), 3 survivors (3072K)
 Metaspace       used 59212K, capacity 60725K, committed 60792K, reserved 1101824K
  class space    used 7208K, capacity 7795K, committed 7808K, reserved 1048576K
}
Event: 331.747 GC heap before
{Heap before GC invocations=24 (full 3):
 garbage-first heap   total 81920K, used 64894K [0x00000000a6800000, 0x0000000100000000)
  region size 1024K, 41 young (41984K), 3 survivors (3072K)
 Metaspace       used 59530K, capacity 61154K, committed 61432K, reserved 1103872K
  class space    used 7244K, capacity 7883K, committed 7936K, reserved 1048576K
}
Event: 331.754 GC heap after
{Heap after GC invocations=25 (full 3):
 garbage-first heap   total 81920K, used 26390K [0x00000000a6800000, 0x0000000100000000)
  region size 1024K, 4 young (4096K), 4 survivors (4096K)
 Metaspace       used 59530K, capacity 61154K, committed 61432K, reserved 1103872K
  class space    used 7244K, capacity 7883K, committed 7936K, reserved 1048576K
}
Event: 437.466 GC heap before
{Heap before GC invocations=25 (full 3):
 garbage-first heap   total 81920K, used 37654K [0x00000000a6800000, 0x0000000100000000)
  region size 1024K, 16 young (16384K), 4 survivors (4096K)
 Metaspace       used 59554K, capacity 61160K, committed 61432K, reserved 1103872K
  class space    used 7244K, capacity 7885K, committed 7936K, reserved 1048576K
}
Event: 437.554 GC heap after
{Heap after GC invocations=26 (full 4):
 garbage-first heap   total 81920K, used 23196K [0x00000000a6800000, 0x0000000100000000)
  region size 1024K, 0 young (0K), 0 survivors (0K)
 Metaspace       used 59551K, capacity 61154K, committed 61432K, reserved 1103872K
  class space    used 7244K, capacity 7883K, committed 7936K, reserved 1048576K
}

