# JRE version: Java(TM) SE Runtime Environment (11.0.2+9) (build 11.0.2+9-LTS)
# Java VM: Java HotSpot(TM) 64-Bit Server VM (11.0.2+9-LTS, mixed mode, tiered, compressed oops, g1 gc, windows-amd64)
Heap:
 garbage-first heap   total 71680K, used 20379K [0x00000000a6800000, 0x0000000100000000)
  region size 1024K, 1 young (1024K), 0 survivors (0K)
 Metaspace       used 60304K, capacity 61506K, committed 62200K, reserved 1103872K
  class space    used 7238K, capacity 7718K, committed 7936K, reserved 1048576K
GC Heap History (10 events):
Event: 14039.695 GC heap before
{Heap before GC invocations=33 (full 1):
 garbage-first heap   total 81920K, used 68435K [0x00000000a6800000, 0x0000000100000000)
  region size 1024K, 43 young (44032K), 3 survivors (3072K)
 Metaspace       used 60404K, capacity 61834K, committed 61944K, reserved 1103872K
  class space    used 7320K, capacity 7877K, committed 7936K, reserved 1048576K
}
Event: 14039.701 GC heap after
{Heap after GC invocations=34 (full 1):
 garbage-first heap   total 81920K, used 27342K [0x00000000a6800000, 0x0000000100000000)
  region size 1024K, 1 young (1024K), 1 survivors (1024K)
 Metaspace       used 60404K, capacity 61834K, committed 61944K, reserved 1103872K
  class space    used 7320K, capacity 7877K, committed 7936K, reserved 1048576K
}
Event: 14958.258 GC heap before
{Heap before GC invocations=34 (full 1):
 garbage-first heap   total 81920K, used 69326K [0x00000000a6800000, 0x0000000100000000)
  region size 1024K, 42 young (43008K), 1 survivors (1024K)
 Metaspace       used 60405K, capacity 61834K, committed 61944K, reserved 1103872K
  class space    used 7320K, capacity 7877K, committed 7936K, reserved 1048576K
}
Event: 14958.260 GC heap after
{Heap after GC invocations=35 (full 1):
 garbage-first heap   total 81920K, used 27301K [0x00000000a6800000, 0x0000000100000000)
  region size 1024K, 1 young (1024K), 1 survivors (1024K)
 Metaspace       used 60405K, capacity 61834K, committed 61944K, reserved 1103872K
  class space    used 7320K, capacity 7877K, committed 7936K, reserved 1048576K
}
Event: 15744.710 GC heap before
{Heap before GC invocations=35 (full 1):
 garbage-first heap   total 81920K, used 67237K [0x00000000a6800000, 0x0000000100000000)
  region size 1024K, 41 young (41984K), 1 survivors (1024K)
 Metaspace       used 60555K, capacity 61940K, committed 62200K, reserved 1103872K
  class space    used 7325K, capacity 7885K, committed 7936K, reserved 1048576K
}
Event: 15744.749 GC heap after
{Heap after GC invocations=36 (full 1):
 garbage-first heap   total 81920K, used 27465K [0x00000000a6800000, 0x0000000100000000)
  region size 1024K, 1 young (1024K), 1 survivors (1024K)
 Metaspace       used 60555K, capacity 61940K, committed 62200K, reserved 1103872K
  class space    used 7325K, capacity 7885K, committed 7936K, reserved 1048576K
}
Event: 16499.934 GC heap before
{Heap before GC invocations=36 (full 1):
 garbage-first heap   total 81920K, used 68425K [0x00000000a6800000, 0x0000000100000000)
  region size 1024K, 41 young (41984K), 1 survivors (1024K)
 Metaspace       used 60654K, capacity 62095K, committed 62200K, reserved 1103872K
  class space    used 7328K, capacity 7891K, committed 7936K, reserved 1048576K
}
Event: 16499.937 GC heap after
{Heap after GC invocations=37 (full 1):
 garbage-first heap   total 81920K, used 27470K [0x00000000a6800000, 0x0000000100000000)
  region size 1024K, 1 young (1024K), 1 survivors (1024K)
 Metaspace       used 60654K, capacity 62095K, committed 62200K, reserved 1103872K
  class space    used 7328K, capacity 7891K, committed 7936K, reserved 1048576K
}
Event: 17281.494 GC heap before
{Heap before GC invocations=37 (full 1):
 garbage-first heap   total 81920K, used 63310K [0x00000000a6800000, 0x0000000100000000)
  region size 1024K, 37 young (37888K), 1 survivors (1024K)
 Metaspace       used 60662K, capacity 62101K, committed 62200K, reserved 1103872K
  class space    used 7328K, capacity 7893K, committed 7936K, reserved 1048576K
}
Event: 17281.727 GC heap after
{Heap after GC invocations=38 (full 2):
 garbage-first heap   total 71680K, used 20379K [0x00000000a6800000, 0x0000000100000000)
  region size 1024K, 0 young (0K), 0 survivors (0K)
 Metaspace       used 60274K, capacity 61506K, committed 62200K, reserved 1103872K
  class space    used 7238K, capacity 7718K, committed 7936K, reserved 1048576K
}

