# JRE version: Java(TM) SE Runtime Environment (11.0.2+9) (build 11.0.2+9-LTS)
# Java VM: Java HotSpot(TM) 64-Bit Server VM (11.0.2+9-LTS, mixed mode, tiered, compressed oops, g1 gc, windows-amd64)
Heap:
 garbage-first heap   total 71680K, used 22371K [0x00000000a6800000, 0x0000000100000000)
  region size 1024K, 1 young (1024K), 0 survivors (0K)
 Metaspace       used 60172K, capacity 61492K, committed 62028K, reserved 1103872K
  class space    used 7281K, capacity 7830K, committed 8012K, reserved 1048576K
GC Heap History (10 events):
Event: 14534.376 GC heap before
{Heap before GC invocations=24 (full 1):
 garbage-first heap   total 71680K, used 52549K [0x00000000a6800000, 0x0000000100000000)
  region size 1024K, 30 young (30720K), 3 survivors (3072K)
 Metaspace       used 59740K, capacity 61017K, committed 61516K, reserved 1103872K
  class space    used 7264K, capacity 7783K, committed 8012K, reserved 1048576K
}
Event: 14534.465 GC heap after
{Heap after GC invocations=25 (full 2):
 garbage-first heap   total 71680K, used 22268K [0x00000000a6800000, 0x0000000100000000)
  region size 1024K, 0 young (0K), 0 survivors (0K)
 Metaspace       used 59719K, capacity 60981K, committed 61516K, reserved 1103872K
  class space    used 7260K, capacity 7774K, committed 8012K, reserved 1048576K
}
Event: 14536.070 GC heap before
{Heap before GC invocations=25 (full 2):
 garbage-first heap   total 71680K, used 57084K [0x00000000a6800000, 0x0000000100000000)
  region size 1024K, 34 young (34816K), 0 survivors (0K)
 Metaspace       used 59838K, capacity 61146K, committed 61772K, reserved 1103872K
  class space    used 7266K, capacity 7782K, committed 8012K, reserved 1048576K
}
Event: 14536.074 GC heap after
{Heap after GC invocations=26 (full 2):
 garbage-first heap   total 71680K, used 24454K [0x00000000a6800000, 0x0000000100000000)
  region size 1024K, 3 young (3072K), 3 survivors (3072K)
 Metaspace       used 59838K, capacity 61146K, committed 61772K, reserved 1103872K
  class space    used 7266K, capacity 7782K, committed 8012K, reserved 1048576K
}
Event: 14536.286 GC heap before
{Heap before GC invocations=26 (full 2):
 garbage-first heap   total 71680K, used 56198K [0x00000000a6800000, 0x0000000100000000)
  region size 1024K, 35 young (35840K), 3 survivors (3072K)
 Metaspace       used 59901K, capacity 61218K, committed 61772K, reserved 1103872K
  class space    used 7268K, capacity 7785K, committed 8012K, reserved 1048576K
}
Event: 14536.291 GC heap after
{Heap after GC invocations=27 (full 2):
 garbage-first heap   total 71680K, used 25161K [0x00000000a6800000, 0x0000000100000000)
  region size 1024K, 3 young (3072K), 3 survivors (3072K)
 Metaspace       used 59901K, capacity 61218K, committed 61772K, reserved 1103872K
  class space    used 7268K, capacity 7785K, committed 8012K, reserved 1048576K
}
Event: 14537.069 GC heap before
{Heap before GC invocations=27 (full 2):
 garbage-first heap   total 71680K, used 56905K [0x00000000a6800000, 0x0000000100000000)
  region size 1024K, 35 young (35840K), 3 survivors (3072K)
 Metaspace       used 60159K, capacity 61491K, committed 62028K, reserved 1103872K
  class space    used 7281K, capacity 7830K, committed 8012K, reserved 1048576K
}
Event: 14537.076 GC heap after
{Heap after GC invocations=28 (full 2):
 garbage-first heap   total 71680K, used 25981K [0x00000000a6800000, 0x0000000100000000)
  region size 1024K, 3 young (3072K), 3 survivors (3072K)
 Metaspace       used 60159K, capacity 61491K, committed 62028K, reserved 1103872K
  class space    used 7281K, capacity 7830K, committed 8012K, reserved 1048576K
}
Event: 14549.673 GC heap before
{Heap before GC invocations=28 (full 2):
 garbage-first heap   total 71680K, used 30077K [0x00000000a6800000, 0x0000000100000000)
  region size 1024K, 8 young (8192K), 3 survivors (3072K)
 Metaspace       used 60174K, capacity 61498K, committed 62028K, reserved 1103872K
  class space    used 7282K, capacity 7832K, committed 8012K, reserved 1048576K
}
Event: 14549.757 GC heap after
{Heap after GC invocations=29 (full 3):
 garbage-first heap   total 71680K, used 22371K [0x00000000a6800000, 0x0000000100000000)
  region size 1024K, 0 young (0K), 0 survivors (0K)
 Metaspace       used 60172K, capacity 61492K, committed 62028K, reserved 1103872K
  class space    used 7281K, capacity 7830K, committed 8012K, reserved 1048576K
}

